180710 19:18:03 mysqld_safe Logging to '/Users/GORY/Desktop/herramientas wordpress/wordpress/mysql_error.log'.
180710 19:18:03 mysqld_safe Starting mysqld daemon with databases from /Library/Application Support/appsolute/MAMP PRO/db/mysql56
2018-07-10 19:18:03 0 [Warning] TIMESTAMP with implicit DEFAULT value is deprecated. Please use --explicit_defaults_for_timestamp server option (see documentation for more details).
2018-07-10 19:18:03 0 [Note] --secure-file-priv is set to NULL. Operations related to importing and exporting data are disabled
2018-07-10 19:18:03 0 [Note] /Applications/MAMP/Library/bin/mysqld (mysqld 5.6.38) starting as process 1032 ...
2018-07-10 19:18:03 1032 [Warning] Setting lower_case_table_names=2 because file system for /Library/Application Support/appsolute/MAMP PRO/db/mysql56/ is case insensitive
2018-07-10 19:18:03 1032 [Note] Plugin 'FEDERATED' is disabled.
2018-07-10 19:18:03 1032 [Note] InnoDB: Using atomics to ref count buffer pool pages
2018-07-10 19:18:03 1032 [Note] InnoDB: The InnoDB memory heap is disabled
2018-07-10 19:18:03 1032 [Note] InnoDB: Mutexes and rw_locks use GCC atomic builtins
2018-07-10 19:18:03 1032 [Note] InnoDB: Memory barrier is not used
2018-07-10 19:18:03 1032 [Note] InnoDB: Compressed tables use zlib 1.2.8
2018-07-10 19:18:03 1032 [Note] InnoDB: Using CPU crc32 instructions
2018-07-10 19:18:03 1032 [Note] InnoDB: Initializing buffer pool, size = 128.0M
2018-07-10 19:18:03 1032 [Note] InnoDB: Completed initialization of buffer pool
2018-07-10 19:18:04 1032 [Note] InnoDB: Highest supported file format is Barracuda.
2018-07-10 19:18:04 1032 [Note] InnoDB: 128 rollback segment(s) are active.
2018-07-10 19:18:04 1032 [Note] InnoDB: Waiting for purge to start
2018-07-10 19:18:04 1032 [Note] InnoDB: 5.6.38 started; log sequence number 1626017
2018-07-10 19:18:04 1032 [Note] RSA private key file not found: /Library/Application Support/appsolute/MAMP PRO/db/mysql56//private_key.pem. Some authentication plugins will not work.
2018-07-10 19:18:04 1032 [Note] RSA public key file not found: /Library/Application Support/appsolute/MAMP PRO/db/mysql56//public_key.pem. Some authentication plugins will not work.
2018-07-10 19:18:04 1032 [Note] Event Scheduler: Loaded 0 events
2018-07-10 19:18:04 1032 [Note] /Applications/MAMP/Library/bin/mysqld: ready for connections.
Version: '5.6.38'  socket: '/Applications/MAMP/tmp/mysql/mysql.sock'  port: 0  MySQL Community Server (GPL)
2018-07-10 19:18:21 1032 [Note] /Applications/MAMP/Library/bin/mysqld: Normal shutdown

2018-07-10 19:18:21 1032 [Note] Giving 0 client threads a chance to die gracefully
2018-07-10 19:18:21 1032 [Note] Event Scheduler: Purging the queue. 0 events
2018-07-10 19:18:21 1032 [Note] Shutting down slave threads
2018-07-10 19:18:21 1032 [Note] Forcefully disconnecting 0 remaining clients
2018-07-10 19:18:21 1032 [Note] Binlog end
2018-07-10 19:18:21 1032 [Note] Shutting down plugin 'partition'
2018-07-10 19:18:21 1032 [Note] Shutting down plugin 'PERFORMANCE_SCHEMA'
2018-07-10 19:18:21 1032 [Note] Shutting down plugin 'INNODB_SYS_DATAFILES'
2018-07-10 19:18:21 1032 [Note] Shutting down plugin 'INNODB_SYS_TABLESPACES'
2018-07-10 19:18:21 1032 [Note] Shutting down plugin 'INNODB_SYS_FOREIGN_COLS'
2018-07-10 19:18:21 1032 [Note] Shutting down plugin 'INNODB_SYS_FOREIGN'
2018-07-10 19:18:21 1032 [Note] Shutting down plugin 'INNODB_SYS_FIELDS'
2018-07-10 19:18:21 1032 [Note] Shutting down plugin 'INNODB_SYS_COLUMNS'
2018-07-10 19:18:21 1032 [Note] Shutting down plugin 'INNODB_SYS_INDEXES'
2018-07-10 19:18:21 1032 [Note] Shutting down plugin 'INNODB_SYS_TABLESTATS'
2018-07-10 19:18:21 1032 [Note] Shutting down plugin 'INNODB_SYS_TABLES'
2018-07-10 19:18:21 1032 [Note] Shutting down plugin 'INNODB_FT_INDEX_TABLE'
2018-07-10 19:18:21 1032 [Note] Shutting down plugin 'INNODB_FT_INDEX_CACHE'
2018-07-10 19:18:21 1032 [Note] Shutting down plugin 'INNODB_FT_CONFIG'
2018-07-10 19:18:21 1032 [Note] Shutting down plugin 'INNODB_FT_BEING_DELETED'
2018-07-10 19:18:21 1032 [Note] Shutting down plugin 'INNODB_FT_DELETED'
2018-07-10 19:18:21 1032 [Note] Shutting down plugin 'INNODB_FT_DEFAULT_STOPWORD'
2018-07-10 19:18:21 1032 [Note] Shutting down plugin 'INNODB_METRICS'
2018-07-10 19:18:21 1032 [Note] Shutting down plugin 'INNODB_BUFFER_POOL_STATS'
2018-07-10 19:18:21 1032 [Note] Shutting down plugin 'INNODB_BUFFER_PAGE_LRU'
2018-07-10 19:18:21 1032 [Note] Shutting down plugin 'INNODB_BUFFER_PAGE'
2018-07-10 19:18:21 1032 [Note] Shutting down plugin 'INNODB_CMP_PER_INDEX_RESET'
2018-07-10 19:18:21 1032 [Note] Shutting down plugin 'INNODB_CMP_PER_INDEX'
2018-07-10 19:18:21 1032 [Note] Shutting down plugin 'INNODB_CMPMEM_RESET'
2018-07-10 19:18:21 1032 [Note] Shutting down plugin 'INNODB_CMPMEM'
2018-07-10 19:18:21 1032 [Note] Shutting down plugin 'INNODB_CMP_RESET'
2018-07-10 19:18:21 1032 [Note] Shutting down plugin 'INNODB_CMP'
2018-07-10 19:18:21 1032 [Note] Shutting down plugin 'INNODB_LOCK_WAITS'
2018-07-10 19:18:21 1032 [Note] Shutting down plugin 'INNODB_LOCKS'
2018-07-10 19:18:21 1032 [Note] Shutting down plugin 'INNODB_TRX'
2018-07-10 19:18:21 1032 [Note] Shutting down plugin 'InnoDB'
2018-07-10 19:18:21 1032 [Note] InnoDB: FTS optimize thread exiting.
2018-07-10 19:18:21 1032 [Note] InnoDB: Starting shutdown...
2018-07-10 19:18:22 1032 [Note] InnoDB: Shutdown completed; log sequence number 1626027
2018-07-10 19:18:22 1032 [Note] Shutting down plugin 'BLACKHOLE'
2018-07-10 19:18:22 1032 [Note] Shutting down plugin 'ARCHIVE'
2018-07-10 19:18:22 1032 [Note] Shutting down plugin 'MRG_MYISAM'
2018-07-10 19:18:22 1032 [Note] Shutting down plugin 'MyISAM'
2018-07-10 19:18:22 1032 [Note] Shutting down plugin 'MEMORY'
2018-07-10 19:18:22 1032 [Note] Shutting down plugin 'CSV'
2018-07-10 19:18:22 1032 [Note] Shutting down plugin 'sha256_password'
2018-07-10 19:18:22 1032 [Note] Shutting down plugin 'mysql_old_password'
2018-07-10 19:18:22 1032 [Note] Shutting down plugin 'mysql_native_password'
2018-07-10 19:18:22 1032 [Note] Shutting down plugin 'binlog'
2018-07-10 19:18:22 1032 [Note] /Applications/MAMP/Library/bin/mysqld: Shutdown complete

180710 19:18:22 mysqld_safe mysqld from pid file /Applications/MAMP/tmp/mysql/mysql.pid ended
180710 19:18:25 mysqld_safe Logging to '/Users/GORY/Desktop/herramientas wordpress/wordpress/mysql_error.log'.
180710 19:18:26 mysqld_safe Starting mysqld daemon with databases from /Library/Application Support/appsolute/MAMP PRO/db/mysql56
2018-07-10 19:18:26 0 [Warning] TIMESTAMP with implicit DEFAULT value is deprecated. Please use --explicit_defaults_for_timestamp server option (see documentation for more details).
2018-07-10 19:18:26 0 [Note] --secure-file-priv is set to NULL. Operations related to importing and exporting data are disabled
2018-07-10 19:18:26 0 [Note] /Applications/MAMP/Library/bin/mysqld (mysqld 5.6.38) starting as process 1497 ...
2018-07-10 19:18:26 1497 [Warning] Setting lower_case_table_names=2 because file system for /Library/Application Support/appsolute/MAMP PRO/db/mysql56/ is case insensitive
2018-07-10 19:18:26 1497 [Note] Plugin 'FEDERATED' is disabled.
2018-07-10 19:18:26 1497 [Note] InnoDB: Using atomics to ref count buffer pool pages
2018-07-10 19:18:26 1497 [Note] InnoDB: The InnoDB memory heap is disabled
2018-07-10 19:18:26 1497 [Note] InnoDB: Mutexes and rw_locks use GCC atomic builtins
2018-07-10 19:18:26 1497 [Note] InnoDB: Memory barrier is not used
2018-07-10 19:18:26 1497 [Note] InnoDB: Compressed tables use zlib 1.2.8
2018-07-10 19:18:26 1497 [Note] InnoDB: Using CPU crc32 instructions
2018-07-10 19:18:26 1497 [Note] InnoDB: Initializing buffer pool, size = 128.0M
2018-07-10 19:18:26 1497 [Note] InnoDB: Completed initialization of buffer pool
2018-07-10 19:18:26 1497 [Note] InnoDB: Highest supported file format is Barracuda.
2018-07-10 19:18:26 1497 [Note] InnoDB: 128 rollback segment(s) are active.
2018-07-10 19:18:26 1497 [Note] InnoDB: Waiting for purge to start
2018-07-10 19:18:26 1497 [Note] InnoDB: 5.6.38 started; log sequence number 1626027
2018-07-10 19:18:26 1497 [Note] RSA private key file not found: /Library/Application Support/appsolute/MAMP PRO/db/mysql56//private_key.pem. Some authentication plugins will not work.
2018-07-10 19:18:26 1497 [Note] RSA public key file not found: /Library/Application Support/appsolute/MAMP PRO/db/mysql56//public_key.pem. Some authentication plugins will not work.
2018-07-10 19:18:27 1497 [Note] Event Scheduler: Loaded 0 events
2018-07-10 19:18:27 1497 [Note] /Applications/MAMP/Library/bin/mysqld: ready for connections.
Version: '5.6.38'  socket: '/Applications/MAMP/tmp/mysql/mysql.sock'  port: 0  MySQL Community Server (GPL)
2018-07-10 19:36:15 1497 [Note] /Applications/MAMP/Library/bin/mysqld: Normal shutdown

2018-07-10 19:36:15 1497 [Note] Giving 0 client threads a chance to die gracefully
2018-07-10 19:36:15 1497 [Note] Event Scheduler: Purging the queue. 0 events
2018-07-10 19:36:15 1497 [Note] Shutting down slave threads
2018-07-10 19:36:15 1497 [Note] Forcefully disconnecting 0 remaining clients
2018-07-10 19:36:15 1497 [Note] Binlog end
2018-07-10 19:36:16 1497 [Note] Shutting down plugin 'partition'
2018-07-10 19:36:16 1497 [Note] Shutting down plugin 'PERFORMANCE_SCHEMA'
2018-07-10 19:36:16 1497 [Note] Shutting down plugin 'INNODB_SYS_DATAFILES'
2018-07-10 19:36:16 1497 [Note] Shutting down plugin 'INNODB_SYS_TABLESPACES'
2018-07-10 19:36:16 1497 [Note] Shutting down plugin 'INNODB_SYS_FOREIGN_COLS'
2018-07-10 19:36:16 1497 [Note] Shutting down plugin 'INNODB_SYS_FOREIGN'
2018-07-10 19:36:16 1497 [Note] Shutting down plugin 'INNODB_SYS_FIELDS'
2018-07-10 19:36:16 1497 [Note] Shutting down plugin 'INNODB_SYS_COLUMNS'
2018-07-10 19:36:16 1497 [Note] Shutting down plugin 'INNODB_SYS_INDEXES'
2018-07-10 19:36:16 1497 [Note] Shutting down plugin 'INNODB_SYS_TABLESTATS'
2018-07-10 19:36:16 1497 [Note] Shutting down plugin 'INNODB_SYS_TABLES'
2018-07-10 19:36:16 1497 [Note] Shutting down plugin 'INNODB_FT_INDEX_TABLE'
2018-07-10 19:36:16 1497 [Note] Shutting down plugin 'INNODB_FT_INDEX_CACHE'
2018-07-10 19:36:16 1497 [Note] Shutting down plugin 'INNODB_FT_CONFIG'
2018-07-10 19:36:16 1497 [Note] Shutting down plugin 'INNODB_FT_BEING_DELETED'
2018-07-10 19:36:16 1497 [Note] Shutting down plugin 'INNODB_FT_DELETED'
2018-07-10 19:36:16 1497 [Note] Shutting down plugin 'INNODB_FT_DEFAULT_STOPWORD'
2018-07-10 19:36:16 1497 [Note] Shutting down plugin 'INNODB_METRICS'
2018-07-10 19:36:16 1497 [Note] Shutting down plugin 'INNODB_BUFFER_POOL_STATS'
2018-07-10 19:36:16 1497 [Note] Shutting down plugin 'INNODB_BUFFER_PAGE_LRU'
2018-07-10 19:36:16 1497 [Note] Shutting down plugin 'INNODB_BUFFER_PAGE'
2018-07-10 19:36:16 1497 [Note] Shutting down plugin 'INNODB_CMP_PER_INDEX_RESET'
2018-07-10 19:36:16 1497 [Note] Shutting down plugin 'INNODB_CMP_PER_INDEX'
2018-07-10 19:36:16 1497 [Note] Shutting down plugin 'INNODB_CMPMEM_RESET'
2018-07-10 19:36:16 1497 [Note] Shutting down plugin 'INNODB_CMPMEM'
2018-07-10 19:36:16 1497 [Note] Shutting down plugin 'INNODB_CMP_RESET'
2018-07-10 19:36:16 1497 [Note] Shutting down plugin 'INNODB_CMP'
2018-07-10 19:36:16 1497 [Note] Shutting down plugin 'INNODB_LOCK_WAITS'
2018-07-10 19:36:16 1497 [Note] Shutting down plugin 'INNODB_LOCKS'
2018-07-10 19:36:16 1497 [Note] Shutting down plugin 'INNODB_TRX'
2018-07-10 19:36:16 1497 [Note] Shutting down plugin 'InnoDB'
2018-07-10 19:36:16 1497 [Note] InnoDB: FTS optimize thread exiting.
2018-07-10 19:36:16 1497 [Note] InnoDB: Starting shutdown...
2018-07-10 19:36:17 1497 [Note] InnoDB: Shutdown completed; log sequence number 1626037
2018-07-10 19:36:17 1497 [Note] Shutting down plugin 'BLACKHOLE'
2018-07-10 19:36:17 1497 [Note] Shutting down plugin 'ARCHIVE'
2018-07-10 19:36:17 1497 [Note] Shutting down plugin 'MRG_MYISAM'
2018-07-10 19:36:17 1497 [Note] Shutting down plugin 'MyISAM'
2018-07-10 19:36:17 1497 [Note] Shutting down plugin 'MEMORY'
2018-07-10 19:36:17 1497 [Note] Shutting down plugin 'CSV'
2018-07-10 19:36:17 1497 [Note] Shutting down plugin 'sha256_password'
2018-07-10 19:36:17 1497 [Note] Shutting down plugin 'mysql_old_password'
2018-07-10 19:36:17 1497 [Note] Shutting down plugin 'mysql_native_password'
2018-07-10 19:36:17 1497 [Note] Shutting down plugin 'binlog'
2018-07-10 19:36:17 1497 [Note] /Applications/MAMP/Library/bin/mysqld: Shutdown complete

180710 19:36:17 mysqld_safe mysqld from pid file /Applications/MAMP/tmp/mysql/mysql.pid ended
